<?xml version="1.0" encoding="UTF-8"?>
<testsuite name="com.hcl.wm.driverservice.DriverserviceApplicationTests" tests="1" skipped="0" failures="0" errors="0" timestamp="2021-06-01T14:06:32" hostname="LP-5CD013FR00" time="0.625">
  <properties/>
  <testcase name="contextLoads()" classname="com.hcl.wm.driverservice.DriverserviceApplicationTests" time="0.625"/>
  <system-out><![CDATA[19:36:27.591 [Test worker] DEBUG org.springframework.test.context.BootstrapUtils - Instantiating CacheAwareContextLoaderDelegate from class [org.springframework.test.context.cache.DefaultCacheAwareContextLoaderDelegate]
19:36:27.613 [Test worker] DEBUG org.springframework.test.context.BootstrapUtils - Instantiating BootstrapContext using constructor [public org.springframework.test.context.support.DefaultBootstrapContext(java.lang.Class,org.springframework.test.context.CacheAwareContextLoaderDelegate)]
19:36:27.667 [Test worker] DEBUG org.springframework.test.context.BootstrapUtils - Instantiating TestContextBootstrapper for test class [com.hcl.wm.driverservice.DriverserviceApplicationTests] from class [org.springframework.boot.test.context.SpringBootTestContextBootstrapper]
19:36:27.685 [Test worker] INFO org.springframework.boot.test.context.SpringBootTestContextBootstrapper - Neither @ContextConfiguration nor @ContextHierarchy found for test class [com.hcl.wm.driverservice.DriverserviceApplicationTests], using SpringBootContextLoader
19:36:27.692 [Test worker] DEBUG org.springframework.test.context.support.AbstractContextLoader - Did not detect default resource location for test class [com.hcl.wm.driverservice.DriverserviceApplicationTests]: class path resource [com/hcl/wm/driverservice/DriverserviceApplicationTests-context.xml] does not exist
19:36:27.693 [Test worker] DEBUG org.springframework.test.context.support.AbstractContextLoader - Did not detect default resource location for test class [com.hcl.wm.driverservice.DriverserviceApplicationTests]: class path resource [com/hcl/wm/driverservice/DriverserviceApplicationTestsContext.groovy] does not exist
19:36:27.693 [Test worker] INFO org.springframework.test.context.support.AbstractContextLoader - Could not detect default resource locations for test class [com.hcl.wm.driverservice.DriverserviceApplicationTests]: no resource found for suffixes {-context.xml, Context.groovy}.
19:36:27.695 [Test worker] INFO org.springframework.test.context.support.AnnotationConfigContextLoaderUtils - Could not detect default configuration classes for test class [com.hcl.wm.driverservice.DriverserviceApplicationTests]: DriverserviceApplicationTests does not declare any static, non-private, non-final, nested classes annotated with @Configuration.
19:36:27.776 [Test worker] DEBUG org.springframework.test.context.support.ActiveProfilesUtils - Could not find an 'annotation declaring class' for annotation type [org.springframework.test.context.ActiveProfiles] and class [com.hcl.wm.driverservice.DriverserviceApplicationTests]
19:36:27.896 [Test worker] DEBUG org.springframework.context.annotation.ClassPathScanningCandidateComponentProvider - Identified candidate component class: file [C:\Users\priyanka.arya\order123\driverservice\build\classes\java\main\com\hcl\wm\driverservice\DriverserviceApplication.class]
19:36:27.899 [Test worker] INFO org.springframework.boot.test.context.SpringBootTestContextBootstrapper - Found @SpringBootConfiguration com.hcl.wm.driverservice.DriverserviceApplication for test class com.hcl.wm.driverservice.DriverserviceApplicationTests
19:36:28.068 [Test worker] DEBUG org.springframework.boot.test.context.SpringBootTestContextBootstrapper - @TestExecutionListeners is not present for class [com.hcl.wm.driverservice.DriverserviceApplicationTests]: using defaults.
19:36:28.068 [Test worker] INFO org.springframework.boot.test.context.SpringBootTestContextBootstrapper - Loaded default TestExecutionListener class names from location [META-INF/spring.factories]: [org.springframework.boot.test.autoconfigure.restdocs.RestDocsTestExecutionListener, org.springframework.boot.test.autoconfigure.web.client.MockRestServiceServerResetTestExecutionListener, org.springframework.boot.test.autoconfigure.web.servlet.MockMvcPrintOnlyOnFailureTestExecutionListener, org.springframework.boot.test.autoconfigure.web.servlet.WebDriverTestExecutionListener, org.springframework.boot.test.autoconfigure.webservices.client.MockWebServiceServerTestExecutionListener, org.springframework.boot.test.mock.mockito.MockitoTestExecutionListener, org.springframework.boot.test.mock.mockito.ResetMocksTestExecutionListener, org.springframework.test.context.web.ServletTestExecutionListener, org.springframework.test.context.support.DirtiesContextBeforeModesTestExecutionListener, org.springframework.test.context.event.ApplicationEventsTestExecutionListener, org.springframework.test.context.support.DependencyInjectionTestExecutionListener, org.springframework.test.context.support.DirtiesContextTestExecutionListener, org.springframework.test.context.transaction.TransactionalTestExecutionListener, org.springframework.test.context.jdbc.SqlScriptsTestExecutionListener, org.springframework.test.context.event.EventPublishingTestExecutionListener]
19:36:28.099 [Test worker] INFO org.springframework.boot.test.context.SpringBootTestContextBootstrapper - Using TestExecutionListeners: [org.springframework.test.context.web.ServletTestExecutionListener@761fbb84, org.springframework.test.context.support.DirtiesContextBeforeModesTestExecutionListener@4e191cd9, org.springframework.test.context.event.ApplicationEventsTestExecutionListener@40a79699, org.springframework.boot.test.mock.mockito.MockitoTestExecutionListener@1b122ac6, org.springframework.boot.test.autoconfigure.SpringBootDependencyInjectionTestExecutionListener@105a61bb, org.springframework.test.context.support.DirtiesContextTestExecutionListener@16a348bd, org.springframework.test.context.transaction.TransactionalTestExecutionListener@6a4c07ae, org.springframework.test.context.jdbc.SqlScriptsTestExecutionListener@6002443b, org.springframework.test.context.event.EventPublishingTestExecutionListener@2396b639, org.springframework.boot.test.autoconfigure.restdocs.RestDocsTestExecutionListener@2f7cf456, org.springframework.boot.test.autoconfigure.web.client.MockRestServiceServerResetTestExecutionListener@2587f760, org.springframework.boot.test.autoconfigure.web.servlet.MockMvcPrintOnlyOnFailureTestExecutionListener@57565c77, org.springframework.boot.test.autoconfigure.web.servlet.WebDriverTestExecutionListener@41e70fda, org.springframework.boot.test.autoconfigure.webservices.client.MockWebServiceServerTestExecutionListener@9f18df4, org.springframework.boot.test.mock.mockito.ResetMocksTestExecutionListener@1357475d]
19:36:28.107 [Test worker] DEBUG org.springframework.test.context.support.AbstractDirtiesContextTestExecutionListener - Before test class: context [DefaultTestContext@341bb400 testClass = DriverserviceApplicationTests, testInstance = [null], testMethod = [null], testException = [null], mergedContextConfiguration = [WebMergedContextConfiguration@32c352da testClass = DriverserviceApplicationTests, locations = '{}', classes = '{class com.hcl.wm.driverservice.DriverserviceApplication}', contextInitializerClasses = '[]', activeProfiles = '{}', propertySourceLocations = '{}', propertySourceProperties = '{org.springframework.boot.test.context.SpringBootTestContextBootstrapper=true}', contextCustomizers = set[org.springframework.boot.test.autoconfigure.actuate.metrics.MetricsExportContextCustomizerFactory$DisableMetricExportContextCustomizer@3dc051ad, org.springframework.boot.test.autoconfigure.properties.PropertyMappingContextCustomizer@0, org.springframework.boot.test.autoconfigure.web.servlet.WebDriverContextCustomizerFactory$Customizer@45afd577, org.springframework.boot.test.context.filter.ExcludeFilterContextCustomizer@5fc7aba2, org.springframework.boot.test.json.DuplicateJsonObjectContextCustomizerFactory$DuplicateJsonObjectContextCustomizer@4ae09e10, org.springframework.boot.test.mock.mockito.MockitoContextCustomizer@0, org.springframework.boot.test.web.client.TestRestTemplateContextCustomizer@3bef7c9d, org.springframework.boot.test.context.SpringBootTestArgs@1, org.springframework.boot.test.context.SpringBootTestWebEnvironment@30c584a], resourceBasePath = 'src/main/webapp', contextLoader = 'org.springframework.boot.test.context.SpringBootContextLoader', parent = [null]], attributes = map['org.springframework.test.context.web.ServletTestExecutionListener.activateListener' -> true]], class annotated with @DirtiesContext [false] with mode [null].
19:36:28.171 [Test worker] DEBUG org.springframework.test.context.support.TestPropertySourceUtils - Adding inlined properties to environment: {spring.jmx.enabled=false, org.springframework.boot.test.context.SpringBootTestContextBootstrapper=true}

  .   ____          _            __ _ _
 /\\ / ___'_ __ _ _(_)_ __  __ _ \ \ \ \
( ( )\___ | '_ | '_| | '_ \/ _` | \ \ \ \
 \\/  ___)| |_)| | | | | || (_| |  ) ) ) )
  '  |____| .__|_| |_|_| |_\__, | / / / /
 =========|_|==============|___/=/_/_/_/
 :: Spring Boot ::                (v2.5.0)

2021-06-01 19:36:28.665  INFO 11412 --- [    Test worker] c.h.w.d.DriverserviceApplicationTests    : Starting DriverserviceApplicationTests using Java 11.0.11 on LP-5CD013FR00 with PID 11412 (started by priyanka.arya in C:\Users\priyanka.arya\order123\driverservice)
2021-06-01 19:36:28.670  INFO 11412 --- [    Test worker] c.h.w.d.DriverserviceApplicationTests    : No active profile set, falling back to default profiles: default
2021-06-01 19:36:29.739  INFO 11412 --- [    Test worker] .s.d.r.c.RepositoryConfigurationDelegate : Bootstrapping Spring Data MongoDB repositories in DEFAULT mode.
2021-06-01 19:36:29.762  INFO 11412 --- [    Test worker] .s.d.r.c.RepositoryConfigurationDelegate : Finished Spring Data repository scanning in 16 ms. Found 0 MongoDB repository interfaces.
2021-06-01 19:36:31.743  INFO 11412 --- [    Test worker] org.mongodb.driver.cluster               : Cluster created with settings {hosts=[localhost:27017], mode=SINGLE, requiredClusterType=UNKNOWN, serverSelectionTimeout='30000 ms'}
2021-06-01 19:36:31.886  INFO 11412 --- [localhost:27017] org.mongodb.driver.connection            : Opened connection [connectionId{localValue:2, serverValue:1549}] to localhost:27017
2021-06-01 19:36:31.886  INFO 11412 --- [localhost:27017] org.mongodb.driver.connection            : Opened connection [connectionId{localValue:1, serverValue:1550}] to localhost:27017
2021-06-01 19:36:31.888  INFO 11412 --- [localhost:27017] org.mongodb.driver.cluster               : Monitor thread successfully connected to server with description ServerDescription{address=localhost:27017, type=STANDALONE, state=CONNECTED, ok=true, minWireVersion=0, maxWireVersion=9, maxDocumentSize=16777216, logicalSessionTimeoutMinutes=30, roundTripTimeNanos=40273601}
2021-06-01 19:36:32.509  INFO 11412 --- [    Test worker] c.h.w.d.DriverserviceApplicationTests    : Started DriverserviceApplicationTests in 4.325 seconds (JVM running for 9.012)
2021-06-01 19:36:32.511  INFO 11412 --- [    Test worker] o.s.b.a.ApplicationAvailabilityBean      : Application availability state LivenessState changed to CORRECT
2021-06-01 19:36:32.514  INFO 11412 --- [    Test worker] o.s.b.a.ApplicationAvailabilityBean      : Application availability state ReadinessState changed to ACCEPTING_TRAFFIC
]]></system-out>
  <system-err><![CDATA[]]></system-err>
</testsuite>
